<?xml version="1.0" encoding="UTF-8"?>
<!-- Generated by org.testng.reporters.JUnitXMLReporter -->
<testsuite ignored="0" hostname="Jaya" failures="0" tests="2" name="ChromeTest" time="15.597" errors="0" timestamp="2023-10-10T17:32:11 IST">
  <testcase classname="TestPack.VerifyLogin" name="@AfterTest closeBrowser" time="-1.696939331372E9">
    <failure type="org.testng.TestNGException" message="
Can inject only one of &amp;lt;ITestContext, XmlTest&amp;gt; into a @AfterTest annotated closeBrowser.
For more information on native dependency injection please refer to https://testng.org/doc/documentation-main.html#native-dependency-injection">
      <![CDATA[org.testng.TestNGException: 
Can inject only one of <ITestContext, XmlTest> into a @AfterTest annotated closeBrowser.
For more information on native dependency injection please refer to https://testng.org/doc/documentation-main.html#native-dependency-injection
... Removed 21 stack frames]]>
    </failure>
  </testcase> <!-- @AfterTest closeBrowser -->
  <testcase classname="TestPack.VerifyLogin" name="verifyLoginContinuePage" time="6.924"/>
  <testcase classname="TestPack.VerifyCreateNewAccount" name="verifyCreateNewAccountButton" time="0.906"/>
</testsuite> <!-- ChromeTest -->
